Release 14.7 - xst P.20131013 (lin64)
Copyright (c) 1995-2013 Xilinx, Inc.  All rights reserved.
--> 
Parameter TMPDIR set to xst/projnav.tmp


Total REAL time to Xst completion: 0.00 secs
Total CPU time to Xst completion: 0.04 secs
 
--> 
Parameter xsthdpdir set to xst


Total REAL time to Xst completion: 0.00 secs
Total CPU time to Xst completion: 0.04 secs
 
--> 
Reading design: vending_machine.prj

TABLE OF CONTENTS
  1) Synthesis Options Summary
  2) HDL Parsing
  3) HDL Elaboration
  4) HDL Synthesis
       4.1) HDL Synthesis Report
  5) Advanced HDL Synthesis
       5.1) Advanced HDL Synthesis Report
  6) Low Level Synthesis
  7) Partition Report
  8) Design Summary
       8.1) Primitive and Black Box Usage
       8.2) Device utilization summary
       8.3) Partition Resource Summary
       8.4) Timing Report
            8.4.1) Clock Information
            8.4.2) Asynchronous Control Signals Information
            8.4.3) Timing Summary
            8.4.4) Timing Details
            8.4.5) Cross Clock Domains Report


=========================================================================
*                      Synthesis Options Summary                        *
=========================================================================
---- Source Parameters
Input File Name                    : "vending_machine.prj"
Ignore Synthesis Constraint File   : NO

---- Target Parameters
Output File Name                   : "vending_machine"
Output Format                      : NGC
Target Device                      : xc7a100t-3-csg324

---- Source Options
Top Module Name                    : vending_machine
Automatic FSM Extraction           : YES
FSM Encoding Algorithm             : Auto
Safe Implementation                : No
FSM Style                          : LUT
RAM Extraction                     : Yes
RAM Style                          : Auto
ROM Extraction                     : Yes
Shift Register Extraction          : YES
ROM Style                          : Auto
Resource Sharing                   : YES
Asynchronous To Synchronous        : NO
Shift Register Minimum Size        : 2
Use DSP Block                      : Auto
Automatic Register Balancing       : No

---- Target Options
LUT Combining                      : Auto
Reduce Control Sets                : Auto
Add IO Buffers                     : YES
Global Maximum Fanout              : 100000
Add Generic Clock Buffer(BUFG)     : 32
Register Duplication               : YES
Optimize Instantiated Primitives   : NO
Use Clock Enable                   : Auto
Use Synchronous Set                : Auto
Use Synchronous Reset              : Auto
Pack IO Registers into IOBs        : Auto
Equivalent register Removal        : YES

---- General Options
Optimization Goal                  : Speed
Optimization Effort                : 1
Power Reduction                    : NO
Keep Hierarchy                     : No
Netlist Hierarchy                  : As_Optimized
RTL Output                         : Yes
Global Optimization                : AllClockNets
Read Cores                         : YES
Write Timing Constraints           : NO
Cross Clock Analysis               : NO
Hierarchy Separator                : /
Bus Delimiter                      : <>
Case Specifier                     : Maintain
Slice Utilization Ratio            : 100
BRAM Utilization Ratio             : 100
DSP48 Utilization Ratio            : 100
Auto BRAM Packing                  : NO
Slice Utilization Ratio Delta      : 5

=========================================================================


=========================================================================
*                          HDL Parsing                                  *
=========================================================================
Analyzing Verilog file "/home/ise/vending_machine/vending_machine.v" into library work
Parsing module <vending_machine>.

=========================================================================
*                            HDL Elaboration                            *
=========================================================================

Elaborating module <vending_machine>.

=========================================================================
*                           HDL Synthesis                               *
=========================================================================

Synthesizing Unit <vending_machine>.
    Related source file is "/home/ise/vending_machine/vending_machine.v".
        s0 = 2'b00
        s1 = 2'b01
        s2 = 2'b10
    Found 2-bit register for signal <n_state>.
    Found 2-bit register for signal <change>.
    Found 1-bit register for signal <out>.
    Found 2-bit 4-to-1 multiplexer for signal <n_state[1]_n_state[1]_wide_mux_32_OUT> created at line 42.
    Found 2-bit 4-to-1 multiplexer for signal <n_state[1]_change[1]_wide_mux_34_OUT> created at line 42.
    Summary:
	inferred   5 D-type flip-flop(s).
	inferred  16 Multiplexer(s).
Unit <vending_machine> synthesized.

=========================================================================
HDL Synthesis Report

Macro Statistics
# Registers                                            : 3
 1-bit register                                        : 1
 2-bit register                                        : 2
# Multiplexers                                         : 16
 1-bit 2-to-1 multiplexer                              : 2
 2-bit 2-to-1 multiplexer                              : 12
 2-bit 4-to-1 multiplexer                              : 2

=========================================================================

=========================================================================
*                       Advanced HDL Synthesis                          *
=========================================================================


=========================================================================
Advanced HDL Synthesis Report

Macro Statistics
# Registers                                            : 5
 Flip-Flops                                            : 5
# Multiplexers                                         : 16
 1-bit 2-to-1 multiplexer                              : 2
 2-bit 2-to-1 multiplexer                              : 12
 2-bit 4-to-1 multiplexer                              : 2

=========================================================================

=========================================================================
*                         Low Level Synthesis                           *
=========================================================================

Optimizing unit <vending_machine> ...

Mapping all equations...
Building and optimizing final netlist ...
Found area constraint ratio of 100 (+ 5) on block vending_machine, actual ratio is 0.

Final Macro Processing ...

=========================================================================
Final Register Report

Macro Statistics
# Registers                                            : 5
 Flip-Flops                                            : 5

=========================================================================

=========================================================================
*                           Partition Report                            *
=========================================================================

Partition Implementation Status
-------------------------------

  No Partitions were found in this design.

-------------------------------

=========================================================================
*                            Design Summary                             *
=========================================================================

Top Level Output File Name         : vending_machine.ngc

Primitive and Black Box Usage:
------------------------------
# BELS                             : 5
#      LUT5                        : 2
#      LUT6                        : 3
# FlipFlops/Latches                : 5
#      FD                          : 5
# Clock Buffers                    : 1
#      BUFGP                       : 1
# IO Buffers                       : 6
#      IBUF                        : 3
#      OBUF                        : 3

Device utilization summary:
---------------------------

Selected Device : 7a100tcsg324-3 


Slice Logic Utilization: 
 Number of Slice Registers:               5  out of  126800     0%  
 Number of Slice LUTs:                    5  out of  63400     0%  
    Number used as Logic:                 5  out of  63400     0%  

Slice Logic Distribution: 
 Number of LUT Flip Flop pairs used:     10
   Number with an unused Flip Flop:       5  out of     10    50%  
   Number with an unused LUT:             5  out of     10    50%  
   Number of fully used LUT-FF pairs:     0  out of     10     0%  
   Number of unique control sets:         1

IO Utilization: 
 Number of IOs:                           7
 Number of bonded IOBs:                   7  out of    210     3%  

Specific Feature Utilization:
 Number of BUFG/BUFGCTRLs:                1  out of     32     3%  

---------------------------
Partition Resource Summary:
---------------------------

  No Partitions were found in this design.

---------------------------


=========================================================================
Timing Report

NOTE: THESE TIMING NUMBERS ARE ONLY A SYNTHESIS ESTIMATE.
      FOR ACCURATE TIMING INFORMATION PLEASE REFER TO THE TRACE REPORT
      GENERATED AFTER PLACE-and-ROUTE.

Clock Information:
------------------
-----------------------------------+------------------------+-------+
Clock Signal                       | Clock buffer(FF name)  | Load  |
-----------------------------------+------------------------+-------+
clk                                | BUFGP                  | 5     |
-----------------------------------+------------------------+-------+

Asynchronous Control Signals Information:
----------------------------------------
No asynchronous control signals found in this design

Timing Summary:
---------------
Speed Grade: -3

   Minimum period: 0.981ns (Maximum Frequency: 1018.849MHz)
   Minimum input arrival time before clock: 0.818ns
   Maximum output required time after clock: 0.645ns
   Maximum combinational path delay: No path found

Timing Details:
---------------
All values displayed in nanoseconds (ns)

=========================================================================
Timing constraint: Default period analysis for Clock 'clk'
  Clock period: 0.981ns (frequency: 1018.849MHz)
  Total number of paths / destination ports: 13 / 5
-------------------------------------------------------------------------
Delay:               0.981ns (Levels of Logic = 1)
  Source:            change_0 (FF)
  Destination:       change_0 (FF)
  Source Clock:      clk rising
  Destination Clock: clk rising

  Data Path: change_0 to change_0
                                Gate     Net
    Cell:in->out      fanout   Delay   Delay  Logical Name (Net Name)
    ----------------------------------------  ------------
     FD:C->Q               2   0.361   0.515  change_0 (change_0)
     LUT6:I3->O            1   0.097   0.000  Mmux_n_state[1]_change[1]_wide_mux_34_OUT1 (n_state[1]_change[1]_wide_mux_34_OUT<0>)
     FD:D                      0.008          change_0
    ----------------------------------------
    Total                      0.981ns (0.466ns logic, 0.515ns route)
                                       (47.5% logic, 52.5% route)

=========================================================================
Timing constraint: Default OFFSET IN BEFORE for Clock 'clk'
  Total number of paths / destination ports: 15 / 5
-------------------------------------------------------------------------
Offset:              0.818ns (Levels of Logic = 2)
  Source:            in<0> (PAD)
  Destination:       change_0 (FF)
  Destination Clock: clk rising

  Data Path: in<0> to change_0
                                Gate     Net
    Cell:in->out      fanout   Delay   Delay  Logical Name (Net Name)
    ----------------------------------------  ------------
     IBUF:I->O             5   0.001   0.712  in_0_IBUF (in_0_IBUF)
     LUT6:I0->O            1   0.097   0.000  Mmux_n_state[1]_change[1]_wide_mux_34_OUT21 (n_state[1]_change[1]_wide_mux_34_OUT<1>)
     FD:D                      0.008          change_1
    ----------------------------------------
    Total                      0.818ns (0.106ns logic, 0.712ns route)
                                       (13.0% logic, 87.0% route)

=========================================================================
Timing constraint: Default OFFSET OUT AFTER for Clock 'clk'
  Total number of paths / destination ports: 3 / 3
-------------------------------------------------------------------------
Offset:              0.645ns (Levels of Logic = 1)
  Source:            change_1 (FF)
  Destination:       change<1> (PAD)
  Source Clock:      clk rising

  Data Path: change_1 to change<1>
                                Gate     Net
    Cell:in->out      fanout   Delay   Delay  Logical Name (Net Name)
    ----------------------------------------  ------------
     FD:C->Q               2   0.361   0.283  change_1 (change_1)
     OBUF:I->O                 0.000          change_1_OBUF (change<1>)
    ----------------------------------------
    Total                      0.645ns (0.361ns logic, 0.283ns route)
                                       (56.0% logic, 44.0% route)

=========================================================================

Cross Clock Domains Report:
--------------------------

Clock to Setup on destination clock clk
---------------+---------+---------+---------+---------+
               | Src:Rise| Src:Fall| Src:Rise| Src:Fall|
Source Clock   |Dest:Rise|Dest:Rise|Dest:Fall|Dest:Fall|
---------------+---------+---------+---------+---------+
clk            |    0.981|         |         |         |
---------------+---------+---------+---------+---------+

=========================================================================


Total REAL time to Xst completion: 4.00 secs
Total CPU time to Xst completion: 3.49 secs
 
--> 


Total memory usage is 601176 kilobytes

Number of errors   :    0 (   0 filtered)
Number of warnings :    0 (   0 filtered)
Number of infos    :    0 (   0 filtered)

